update-alternatives 2024-07-13 09:45:33: run with --install /usr/bin/awk awk /usr/bin/mawk 5 --slave /usr/share/man/man1/awk.1.gz awk.1.gz /usr/share/man/man1/mawk.1.gz --slave /usr/bin/nawk nawk /usr/bin/mawk --slave /usr/share/man/man1/nawk.1.gz nawk.1.gz /usr/share/man/man1/mawk.1.gz
update-alternatives 2024-07-13 09:45:33: link group awk updated to point to /usr/bin/mawk
update-alternatives 2024-07-13 09:46:02: run with --install /usr/bin/which which /usr/bin/which.debianutils 0 --slave /usr/share/man/man1/which.1.gz which.1.gz /usr/share/man/man1/which.debianutils.1.gz --slave /usr/share/man/de/man1/which.1.gz which.de1.gz /usr/share/man/de/man1/which.debianutils.1.gz --slave /usr/share/man/es/man1/which.1.gz which.es1.gz /usr/share/man/es/man1/which.debianutils.1.gz --slave /usr/share/man/fr/man1/which.1.gz which.fr1.gz /usr/share/man/fr/man1/which.debianutils.1.gz --slave /usr/share/man/it/man1/which.1.gz which.it1.gz /usr/share/man/it/man1/which.debianutils.1.gz --slave /usr/share/man/ja/man1/which.1.gz which.ja1.gz /usr/share/man/ja/man1/which.debianutils.1.gz --slave /usr/share/man/pl/man1/which.1.gz which.pl1.gz /usr/share/man/pl/man1/which.debianutils.1.gz --slave /usr/share/man/sl/man1/which.1.gz which.sl1.gz /usr/share/man/sl/man1/which.debianutils.1.gz
update-alternatives 2024-07-13 09:46:02: link group which updated to point to /usr/bin/which.debianutils
update-alternatives 2024-07-13 09:46:02: run with --install /usr/bin/awk awk /usr/bin/mawk 5 --slave /usr/share/man/man1/awk.1.gz awk.1.gz /usr/share/man/man1/mawk.1.gz --slave /usr/bin/nawk nawk /usr/bin/mawk --slave /usr/share/man/man1/nawk.1.gz nawk.1.gz /usr/share/man/man1/mawk.1.gz
update-alternatives 2024-07-13 09:46:03: run with --install /usr/share/man/man7/builtins.7.gz builtins.7.gz /usr/share/man/man7/bash-builtins.7.gz 10
update-alternatives 2024-07-13 09:46:03: link group builtins.7.gz updated to point to /usr/share/man/man7/bash-builtins.7.gz
update-alternatives 2024-07-13 09:46:05: run with --install /usr/sbin/rmt rmt /usr/sbin/rmt-tar 50 --slave /usr/share/man/man8/rmt.8.gz rmt.8.gz /usr/share/man/man8/rmt-tar.8.gz
update-alternatives 2024-07-13 09:46:05: link group rmt updated to point to /usr/sbin/rmt-tar
update-alternatives 2024-07-13 09:46:06: run with --install /usr/bin/pager pager /bin/more 50 --slave /usr/share/man/man1/pager.1.gz pager.1.gz /usr/share/man/man1/more.1.gz
update-alternatives 2024-07-13 09:46:06: link group pager updated to point to /bin/more
update-alternatives 2024-07-13 09:46:30: run with --install /bin/mt mt /bin/mt-gnu 10 --slave /usr/share/man/man1/mt.1.gz mt.1.gz /usr/share/man/man1/mt-gnu.1.gz
update-alternatives 2024-07-13 09:46:30: link group mt updated to point to /bin/mt-gnu
update-alternatives 2024-07-13 09:46:30: run with --quiet --install /usr/bin/pager pager /usr/bin/less 77 --slave /usr/share/man/man1/pager.1.gz pager.1.gz /usr/share/man/man1/less.1.gz
update-alternatives 2024-07-13 09:46:30: link group pager updated to point to /usr/bin/less
update-alternatives 2024-07-13 09:46:32: run with --install /usr/bin/editor editor /bin/nano 40 --slave /usr/share/man/man1/editor.1.gz editor.1.gz /usr/share/man/man1/nano.1.gz
update-alternatives 2024-07-13 09:46:32: link group editor updated to point to /bin/nano
update-alternatives 2024-07-13 09:46:32: run with --install /usr/bin/pico pico /bin/nano 10 --slave /usr/share/man/man1/pico.1.gz pico.1.gz /usr/share/man/man1/nano.1.gz
update-alternatives 2024-07-13 09:46:32: link group pico updated to point to /bin/nano
update-alternatives 2024-07-13 09:46:34: run with --install /usr/bin/editor editor /usr/bin/vim.tiny 15 --slave /usr/share/man/man1/editor.1.gz editor.1.gz /usr/share/man/man1/vim.1.gz --slave /usr/share/man/da/man1/editor.1.gz editor.da.1.gz /usr/share/man/da/man1/vim.1.gz --slave /usr/share/man/de/man1/editor.1.gz editor.de.1.gz /usr/share/man/de/man1/vim.1.gz --slave /usr/share/man/fr/man1/editor.1.gz editor.fr.1.gz /usr/share/man/fr/man1/vim.1.gz --slave /usr/share/man/it/man1/editor.1.gz editor.it.1.gz /usr/share/man/it/man1/vim.1.gz --slave /usr/share/man/ja/man1/editor.1.gz editor.ja.1.gz /usr/share/man/ja/man1/vim.1.gz --slave /usr/share/man/pl/man1/editor.1.gz editor.pl.1.gz /usr/share/man/pl/man1/vim.1.gz --slave /usr/share/man/ru/man1/editor.1.gz editor.ru.1.gz /usr/share/man/ru/man1/vim.1.gz --slave /usr/share/man/tr/man1/editor.1.gz editor.tr.1.gz /usr/share/man/tr/man1/vim.1.gz
update-alternatives 2024-07-13 09:46:34: run with --install /usr/bin/ex ex /usr/bin/vim.tiny 15 --slave /usr/share/man/man1/ex.1.gz ex.1.gz /usr/share/man/man1/vim.1.gz --slave /usr/share/man/da/man1/ex.1.gz ex.da.1.gz /usr/share/man/da/man1/vim.1.gz --slave /usr/share/man/de/man1/ex.1.gz ex.de.1.gz /usr/share/man/de/man1/vim.1.gz --slave /usr/share/man/fr/man1/ex.1.gz ex.fr.1.gz /usr/share/man/fr/man1/vim.1.gz --slave /usr/share/man/it/man1/ex.1.gz ex.it.1.gz /usr/share/man/it/man1/vim.1.gz --slave /usr/share/man/ja/man1/ex.1.gz ex.ja.1.gz /usr/share/man/ja/man1/vim.1.gz --slave /usr/share/man/pl/man1/ex.1.gz ex.pl.1.gz /usr/share/man/pl/man1/vim.1.gz --slave /usr/share/man/ru/man1/ex.1.gz ex.ru.1.gz /usr/share/man/ru/man1/vim.1.gz --slave /usr/share/man/tr/man1/ex.1.gz ex.tr.1.gz /usr/share/man/tr/man1/vim.1.gz
update-alternatives 2024-07-13 09:46:34: link group ex updated to point to /usr/bin/vim.tiny
update-alternatives 2024-07-13 09:46:34: run with --install /usr/bin/rview rview /usr/bin/vim.tiny 15
update-alternatives 2024-07-13 09:46:34: link group rview updated to point to /usr/bin/vim.tiny
update-alternatives 2024-07-13 09:46:34: run with --install /usr/bin/vi vi /usr/bin/vim.tiny 15 --slave /usr/share/man/man1/vi.1.gz vi.1.gz /usr/share/man/man1/vim.1.gz --slave /usr/share/man/da/man1/vi.1.gz vi.da.1.gz /usr/share/man/da/man1/vim.1.gz --slave /usr/share/man/de/man1/vi.1.gz vi.de.1.gz /usr/share/man/de/man1/vim.1.gz --slave /usr/share/man/fr/man1/vi.1.gz vi.fr.1.gz /usr/share/man/fr/man1/vim.1.gz --slave /usr/share/man/it/man1/vi.1.gz vi.it.1.gz /usr/share/man/it/man1/vim.1.gz --slave /usr/share/man/ja/man1/vi.1.gz vi.ja.1.gz /usr/share/man/ja/man1/vim.1.gz --slave /usr/share/man/pl/man1/vi.1.gz vi.pl.1.gz /usr/share/man/pl/man1/vim.1.gz --slave /usr/share/man/ru/man1/vi.1.gz vi.ru.1.gz /usr/share/man/ru/man1/vim.1.gz --slave /usr/share/man/tr/man1/vi.1.gz vi.tr.1.gz /usr/share/man/tr/man1/vim.1.gz
update-alternatives 2024-07-13 09:46:34: link group vi updated to point to /usr/bin/vim.tiny
update-alternatives 2024-07-13 09:46:34: run with --install /usr/bin/view view /usr/bin/vim.tiny 15 --slave /usr/share/man/man1/view.1.gz view.1.gz /usr/share/man/man1/vim.1.gz --slave /usr/share/man/da/man1/view.1.gz view.da.1.gz /usr/share/man/da/man1/vim.1.gz --slave /usr/share/man/de/man1/view.1.gz view.de.1.gz /usr/share/man/de/man1/vim.1.gz --slave /usr/share/man/fr/man1/view.1.gz view.fr.1.gz /usr/share/man/fr/man1/vim.1.gz --slave /usr/share/man/it/man1/view.1.gz view.it.1.gz /usr/share/man/it/man1/vim.1.gz --slave /usr/share/man/ja/man1/view.1.gz view.ja.1.gz /usr/share/man/ja/man1/vim.1.gz --slave /usr/share/man/pl/man1/view.1.gz view.pl.1.gz /usr/share/man/pl/man1/vim.1.gz --slave /usr/share/man/ru/man1/view.1.gz view.ru.1.gz /usr/share/man/ru/man1/vim.1.gz --slave /usr/share/man/tr/man1/view.1.gz view.tr.1.gz /usr/share/man/tr/man1/vim.1.gz
update-alternatives 2024-07-13 09:46:34: link group view updated to point to /usr/bin/vim.tiny
update-alternatives 2024-07-13 15:26:49: run with --install /bin/nc nc /bin/nc.traditional 10 --slave /bin/netcat netcat /bin/nc.traditional --slave /usr/share/man/man1/nc.1.gz nc.1.gz /usr/share/man/man1/nc.traditional.1.gz --slave /usr/share/man/man1/netcat.1.gz netcat.1.gz /usr/share/man/man1/nc.traditional.1.gz
update-alternatives 2024-07-13 15:26:49: link group nc updated to point to /bin/nc.traditional
update-alternatives 2024-07-13 15:26:52: run with --install /usr/bin/traceroute traceroute /usr/bin/traceroute.db 100 --slave /usr/sbin/traceroute traceroute.sbin /usr/bin/traceroute.db --slave /usr/share/man/man1/traceroute.1.gz traceroute.1.gz /usr/share/man/man1/traceroute.db.1.gz
update-alternatives 2024-07-13 15:26:52: link group traceroute updated to point to /usr/bin/traceroute.db
update-alternatives 2024-07-13 15:26:52: run with --install /usr/bin/traceroute6 traceroute6 /usr/bin/traceroute6.db 100 --slave /usr/share/man/man1/traceroute6.1.gz traceroute6.1.gz /usr/share/man/man1/traceroute6.db.1.gz
update-alternatives 2024-07-13 15:26:52: link group traceroute6 updated to point to /usr/bin/traceroute6.db
update-alternatives 2024-07-13 15:26:52: run with --install /usr/bin/lft lft /usr/bin/lft.db 100 --slave /usr/share/man/man1/lft.1.gz lft.1.gz /usr/share/man/man1/lft.db.1.gz
update-alternatives 2024-07-13 15:26:52: link group lft updated to point to /usr/bin/lft.db
update-alternatives 2024-07-13 15:26:52: run with --install /usr/bin/traceproto traceproto /usr/bin/traceproto.db 100 --slave /usr/share/man/man1/traceproto.1.gz traceproto.1.gz /usr/share/man/man1/traceproto.db.1.gz
update-alternatives 2024-07-13 15:26:52: link group traceproto updated to point to /usr/bin/traceproto.db
update-alternatives 2024-07-13 15:26:52: run with --install /usr/sbin/tcptraceroute tcptraceroute /usr/sbin/tcptraceroute.db 100 --slave /usr/share/man/man8/tcptraceroute.8.gz tcptraceroute.8.gz /usr/share/man/man8/tcptraceroute.db.8.gz
update-alternatives 2024-07-13 15:26:52: link group tcptraceroute updated to point to /usr/sbin/tcptraceroute.db
update-alternatives 2024-07-13 15:26:55: run with --install /lib/firmware/regulatory.db regulatory.db /lib/firmware/regulatory.db-debian 100 --slave /lib/firmware/regulatory.db.p7s regulatory.db.p7s /lib/firmware/regulatory.db.p7s-debian
update-alternatives 2024-07-13 15:26:55: link group regulatory.db updated to point to /lib/firmware/regulatory.db-debian
update-alternatives 2024-07-13 15:26:55: run with --install /lib/firmware/regulatory.db regulatory.db /lib/firmware/regulatory.db-upstream 50 --slave /lib/firmware/regulatory.db.p7s regulatory.db.p7s /lib/firmware/regulatory.db.p7s-upstream
update-alternatives 2024-07-13 15:26:57: run with --install /usr/bin/telnet telnet /usr/bin/inetutils-telnet 150 --slave /usr/share/man/man1/telnet.1.gz telnet.1.gz /usr/share/man/man1/inetutils-telnet.1.gz
update-alternatives 2024-07-13 15:26:57: link group telnet updated to point to /usr/bin/inetutils-telnet
update-alternatives 2024-07-13 15:27:01: run with --install /usr/lib/x86_64-linux-gnu/libblas.so.3 libblas.so.3-x86_64-linux-gnu /usr/lib/x86_64-linux-gnu/blas/libblas.so.3 10
update-alternatives 2024-07-13 15:27:01: link group libblas.so.3-x86_64-linux-gnu updated to point to /usr/lib/x86_64-linux-gnu/blas/libblas.so.3
update-alternatives 2024-07-13 15:27:03: run with --install /usr/bin/lzma lzma /usr/bin/xz 20 --slave /usr/share/man/man1/lzma.1.gz lzma.1.gz /usr/share/man/man1/xz.1.gz --slave /usr/bin/unlzma unlzma /usr/bin/unxz --slave /usr/share/man/man1/unlzma.1.gz unlzma.1.gz /usr/share/man/man1/unxz.1.gz --slave /usr/bin/lzcat lzcat /usr/bin/xzcat --slave /usr/share/man/man1/lzcat.1.gz lzcat.1.gz /usr/share/man/man1/xzcat.1.gz --slave /usr/bin/lzmore lzmore /usr/bin/xzmore --slave /usr/share/man/man1/lzmore.1.gz lzmore.1.gz /usr/share/man/man1/xzmore.1.gz --slave /usr/bin/lzless lzless /usr/bin/xzless --slave /usr/share/man/man1/lzless.1.gz lzless.1.gz /usr/share/man/man1/xzless.1.gz --slave /usr/bin/lzdiff lzdiff /usr/bin/xzdiff --slave /usr/share/man/man1/lzdiff.1.gz lzdiff.1.gz /usr/share/man/man1/xzdiff.1.gz --slave /usr/bin/lzcmp lzcmp /usr/bin/xzcmp --slave /usr/share/man/man1/lzcmp.1.gz lzcmp.1.gz /usr/share/man/man1/xzcmp.1.gz --slave /usr/bin/lzgrep lzgrep /usr/bin/xzgrep --slave /usr/share/man/man1/lzgrep.1.gz lzgrep.1.gz /usr/share/man/man1/xzgrep.1.gz --slave /usr/bin/lzegrep lzegrep /usr/bin/xzegrep --slave /usr/share/man/man1/lzegrep.1.gz lzegrep.1.gz /usr/share/man/man1/xzegrep.1.gz --slave /usr/bin/lzfgrep lzfgrep /usr/bin/xzfgrep --slave /usr/share/man/man1/lzfgrep.1.gz lzfgrep.1.gz /usr/share/man/man1/xzfgrep.1.gz
update-alternatives 2024-07-13 15:27:03: link group lzma updated to point to /usr/bin/xz
update-alternatives 2024-07-13 15:27:13: run with --install /usr/bin/www-browser www-browser /usr/bin/lynx 40 --slave /usr/share/man/man1/www-browser.1.gz www-browser.1.gz /usr/share/man/man1/lynx.1.gz
update-alternatives 2024-07-13 15:27:13: link group www-browser updated to point to /usr/bin/lynx
update-alternatives 2024-07-13 15:27:15: run with --force --install /usr/share/sounds/sf2/default-GM.sf2 default-GM.sf2 /usr/share/sounds/sf2/TimGM6mb.sf2 20
update-alternatives 2024-07-13 15:27:15: link group default-GM.sf2 updated to point to /usr/share/sounds/sf2/TimGM6mb.sf2
update-alternatives 2024-07-13 15:27:15: run with --force --install /usr/share/sounds/sf3/default-GM.sf3 default-GM.sf3 /usr/share/sounds/sf2/TimGM6mb.sf2 20
update-alternatives 2024-07-13 15:27:15: link group default-GM.sf3 updated to point to /usr/share/sounds/sf2/TimGM6mb.sf2
update-alternatives 2024-07-13 15:27:16: run with --install /usr/bin/open open /usr/bin/xdg-open 50 --slave /usr/share/man/man1/open.1.gz open.1.gz /usr/share/man/man1/xdg-open.1.gz
update-alternatives 2024-07-13 15:27:16: link group open updated to point to /usr/bin/xdg-open
update-alternatives 2024-07-13 15:27:19: run with --install /usr/lib/x86_64-linux-gnu/liblapack.so.3 liblapack.so.3-x86_64-linux-gnu /usr/lib/x86_64-linux-gnu/lapack/liblapack.so.3 10
update-alternatives 2024-07-13 15:27:19: link group liblapack.so.3-x86_64-linux-gnu updated to point to /usr/lib/x86_64-linux-gnu/lapack/liblapack.so.3
update-alternatives 2024-07-13 15:27:21: run with --quiet --install /usr/bin/bogofilter bogofilter /usr/bin/bogofilter-bdb 20 --slave /usr/bin/bogoupgrade bogoupgrade /usr/bin/bogoupgrade-bdb --slave /usr/bin/bogotune bogotune /usr/bin/bogotune-bdb --slave /usr/bin/bf_copy bf_copy /usr/bin/bf_copy-bdb --slave /usr/bin/bogolexer bogolexer /usr/bin/bogolexer-bdb --slave /usr/bin/bogoutil bogoutil /usr/bin/bogoutil-bdb --slave /usr/bin/bf_compact bf_compact /usr/bin/bf_compact-bdb --slave /usr/bin/bf_tar bf_tar /usr/bin/bf_tar-bdb
update-alternatives 2024-07-13 15:27:21: link group bogofilter updated to point to /usr/bin/bogofilter-bdb
update-alternatives 2024-07-13 15:27:39: run with --quiet --install /lib/cpp cpp /usr/bin/cpp 10
update-alternatives 2024-07-13 15:27:39: link group cpp updated to point to /usr/bin/cpp
update-alternatives 2024-07-13 15:28:00: run with --install /usr/share/icons/default/index.theme x-cursor-theme /usr/share/icons/Adwaita/cursor.theme 90
update-alternatives 2024-07-13 15:28:00: link group x-cursor-theme updated to point to /usr/share/icons/Adwaita/cursor.theme
update-alternatives 2024-07-13 15:28:05: run with --quiet --install /usr/bin/open open /usr/bin/run-mailcap 30 --slave /usr/share/man/man1/open.1.gz open.1.gz /usr/share/man/man1/run-mailcap.1.gz
update-alternatives 2024-07-13 15:28:19: run with --install /usr/bin/x-terminal-emulator x-terminal-emulator /usr/bin/xterm 20 --slave /usr/share/man/man1/x-terminal-emulator.1.gz x-terminal-emulator.1.gz /usr/share/man/man1/xterm.1.gz
update-alternatives 2024-07-13 15:28:19: link group x-terminal-emulator updated to point to /usr/bin/xterm
update-alternatives 2024-07-13 15:28:19: run with --install /usr/bin/x-terminal-emulator x-terminal-emulator /usr/bin/uxterm 20 --slave /usr/share/man/man1/x-terminal-emulator.1.gz x-terminal-emulator.1.gz /usr/share/man/man1/uxterm.1.gz
update-alternatives 2024-07-13 15:28:19: run with --install /usr/bin/x-terminal-emulator x-terminal-emulator /usr/bin/koi8rxterm 20 --slave /usr/share/man/man1/x-terminal-emulator.1.gz x-terminal-emulator.1.gz /usr/share/man/man1/koi8rxterm.1.gz
update-alternatives 2024-07-13 15:28:19: run with --install /usr/bin/x-terminal-emulator x-terminal-emulator /usr/bin/lxterm 30 --slave /usr/share/man/man1/x-terminal-emulator.1.gz x-terminal-emulator.1.gz /usr/share/man/man1/lxterm.1.gz
update-alternatives 2024-07-13 15:28:19: link group x-terminal-emulator updated to point to /usr/bin/lxterm
update-alternatives 2024-07-13 15:28:24: run with --install /usr/share/icons/gnome/scalable/places/start-here.svg start-here.svg /usr/share/icons/gnome/scalable/places/debian-swirl.svg 30 --slave /usr/share/icons/gnome/16x16/places/start-here.png start-here-16.png /usr/share/icons/gnome/16x16/places/debian-swirl.png --slave /usr/share/icons/gnome/22x22/places/start-here.png start-here-22.png /usr/share/icons/gnome/22x22/places/debian-swirl.png --slave /usr/share/icons/gnome/24x24/places/start-here.png start-here-24.png /usr/share/icons/gnome/24x24/places/debian-swirl.png --slave /usr/share/icons/gnome/256x256/places/start-here.png start-here-256.png /usr/share/icons/gnome/256x256/places/debian-swirl.png --slave /usr/share/icons/gnome/32x32/places/start-here.png start-here-32.png /usr/share/icons/gnome/32x32/places/debian-swirl.png --slave /usr/share/icons/gnome/48x48/places/start-here.png start-here-48.png /usr/share/icons/gnome/48x48/places/debian-swirl.png
update-alternatives 2024-07-13 15:28:24: link group start-here.svg updated to point to /usr/share/icons/gnome/scalable/places/debian-swirl.svg
update-alternatives 2024-07-13 15:28:24: run with --install /usr/share/icons/gnome/scalable/places/start-here.svg start-here.svg /usr/share/icons/gnome/scalable/places/gnome-foot.svg 20 --slave /usr/share/icons/gnome/16x16/places/start-here.png start-here-16.png /usr/share/icons/gnome/16x16/places/gnome-foot.png --slave /usr/share/icons/gnome/22x22/places/start-here.png start-here-22.png /usr/share/icons/gnome/22x22/places/gnome-foot.png --slave /usr/share/icons/gnome/24x24/places/start-here.png start-here-24.png /usr/share/icons/gnome/24x24/places/gnome-foot.png --slave /usr/share/icons/gnome/256x256/places/start-here.png start-here-256.png /usr/share/icons/gnome/256x256/places/gnome-foot.png --slave /usr/share/icons/gnome/32x32/places/start-here.png start-here-32.png /usr/share/icons/gnome/32x32/places/gnome-foot.png --slave /usr/share/icons/gnome/48x48/places/start-here.png start-here-48.png /usr/share/icons/gnome/48x48/places/gnome-foot.png
update-alternatives 2024-07-13 15:28:24: run with --install /usr/share/images/vendor-logos vendor-logos /usr/share/desktop-base/debian-logos 50 --slave /usr/share/icons/vendor/64x64/emblems/emblem-vendor.png emblem-vendor-64 /usr/share/icons/desktop-base/64x64/emblems/emblem-debian.png --slave /usr/share/icons/vendor/128x128/emblems/emblem-vendor.png emblem-vendor-128 /usr/share/icons/desktop-base/128x128/emblems/emblem-debian.png --slave /usr/share/icons/vendor/256x256/emblems/emblem-vendor.png emblem-vendor-256 /usr/share/icons/desktop-base/256x256/emblems/emblem-debian.png --slave /usr/share/icons/vendor/scalable/emblems/emblem-vendor.svg emblem-vendor-scalable /usr/share/icons/desktop-base/scalable/emblems/emblem-debian.svg --slave /usr/share/icons/vendor/64x64/emblems/emblem-vendor-symbolic.png emblem-vendor-symbolic-64 /usr/share/icons/desktop-base/64x64/emblems/emblem-debian-symbolic.png --slave /usr/share/icons/vendor/128x128/emblems/emblem-vendor-symbolic.png emblem-vendor-symbolic-128 /usr/share/icons/desktop-base/128x128/emblems/emblem-debian-symbolic.png --slave /usr/share/icons/vendor/256x256/emblems/emblem-vendor-symbolic.png emblem-vendor-symbolic-256 /usr/share/icons/desktop-base/256x256/emblems/emblem-debian-symbolic.png --slave /usr/share/icons/vendor/scalable/emblems/emblem-vendor-symbolic.svg emblem-vendor-symbolic-scalable /usr/share/icons/desktop-base/scalable/emblems/emblem-debian-symbolic.svg --slave /usr/share/icons/vendor/64x64/emblems/emblem-vendor-white.png emblem-vendor-white-64 /usr/share/icons/desktop-base/64x64/emblems/emblem-debian-white.png --slave /usr/share/icons/vendor/128x128/emblems/emblem-vendor-white.png emblem-vendor-white-128 /usr/share/icons/desktop-base/128x128/emblems/emblem-debian-white.png --slave /usr/share/icons/vendor/256x256/emblems/emblem-vendor-white.png emblem-vendor-white-256 /usr/share/icons/desktop-base/256x256/emblems/emblem-debian-white.png --slave /usr/share/icons/vendor/scalable/emblems/emblem-vendor-white.svg emblem-vendor-white-scalable
update-alternatives 2024-07-13 15:28:24: link group vendor-logos updated to point to /usr/share/desktop-base/debian-logos
update-alternatives 2024-07-13 15:28:24: run with --install /usr/share/desktop-base/active-theme desktop-theme /usr/share/desktop-base/emerald-theme 50
update-alternatives 2024-07-13 15:28:24: link group desktop-theme updated to point to /usr/share/desktop-base/emerald-theme
update-alternatives 2024-07-13 15:28:24: run with --install /usr/share/desktop-base/active-theme desktop-theme /usr/share/desktop-base/homeworld-theme 40
update-alternatives 2024-07-13 15:28:24: run with --install /usr/share/desktop-base/active-theme desktop-theme /usr/share/desktop-base/futureprototype-theme 40
update-alternatives 2024-07-13 15:28:24: run with --install /usr/share/desktop-base/active-theme desktop-theme /usr/share/desktop-base/moonlight-theme 40
update-alternatives 2024-07-13 15:28:24: run with --install /usr/share/desktop-base/active-theme desktop-theme /usr/share/desktop-base/softwaves-theme 40
update-alternatives 2024-07-13 15:28:24: run with --install /usr/share/desktop-base/active-theme desktop-theme /usr/share/desktop-base/lines-theme 40
update-alternatives 2024-07-13 15:28:24: run with --install /usr/share/desktop-base/active-theme desktop-theme /usr/share/desktop-base/joy-theme 40
update-alternatives 2024-07-13 15:28:24: run with --install /usr/share/desktop-base/active-theme desktop-theme /usr/share/desktop-base/joy-inksplat-theme 40
update-alternatives 2024-07-13 15:28:24: run with --install /usr/share/desktop-base/active-theme desktop-theme /usr/share/desktop-base/spacefun-theme 40
update-alternatives 2024-07-13 15:28:24: run with --install /usr/share/images/desktop-base/desktop-background desktop-background /usr/share/desktop-base/active-theme/wallpaper/contents/images/1920x1080.svg 70
update-alternatives 2024-07-13 15:28:24: link group desktop-background updated to point to /usr/share/desktop-base/active-theme/wallpaper/contents/images/1920x1080.svg
update-alternatives 2024-07-13 15:28:24: run with --install /usr/share/images/desktop-base/desktop-background desktop-background /usr/share/desktop-base/emerald-theme/wallpaper/contents/images/1920x1080.svg 65
update-alternatives 2024-07-13 15:28:24: run with --install /usr/share/images/desktop-base/desktop-background desktop-background /usr/share/desktop-base/homeworld-theme/wallpaper/contents/images/1920x1080.svg 50
update-alternatives 2024-07-13 15:28:24: run with --install /usr/share/images/desktop-base/desktop-background desktop-background /usr/share/desktop-base/futureprototype-theme/wallpaper/contents/images/1920x1080.svg 50
update-alternatives 2024-07-13 15:28:24: run with --install /usr/share/images/desktop-base/desktop-background desktop-background /usr/share/desktop-base/moonlight-theme/wallpaper/contents/images/1920x1080.svg 50
update-alternatives 2024-07-13 15:28:25: run with --install /usr/share/images/desktop-base/desktop-background desktop-background /usr/share/desktop-base/softwaves-theme/wallpaper/contents/images/1024x768.svg 50
update-alternatives 2024-07-13 15:28:25: run with --install /usr/share/images/desktop-base/desktop-background desktop-background /usr/share/desktop-base/softwaves-theme/wallpaper/contents/images/1280x720.svg 50
update-alternatives 2024-07-13 15:28:25: run with --install /usr/share/images/desktop-base/desktop-background desktop-background /usr/share/desktop-base/softwaves-theme/wallpaper/contents/images/1280x800.svg 50
update-alternatives 2024-07-13 15:28:25: run with --install /usr/share/images/desktop-base/desktop-background desktop-background /usr/share/desktop-base/softwaves-theme/wallpaper/contents/images/1280x1024.svg 50
update-alternatives 2024-07-13 15:28:25: run with --install /usr/share/images/desktop-base/desktop-background desktop-background /usr/share/desktop-base/softwaves-theme/wallpaper/contents/images/1600x1200.svg 50
update-alternatives 2024-07-13 15:28:25: run with --install /usr/share/images/desktop-base/desktop-background desktop-background /usr/share/desktop-base/softwaves-theme/wallpaper/contents/images/1920x1080.svg 50
update-alternatives 2024-07-13 15:28:25: run with --install /usr/share/images/desktop-base/desktop-background desktop-background /usr/share/desktop-base/softwaves-theme/wallpaper/contents/images/1920x1200.svg 50
update-alternatives 2024-07-13 15:28:25: run with --install /usr/share/images/desktop-base/desktop-background desktop-background /usr/share/desktop-base/softwaves-theme/wallpaper/contents/images/2560x1440.svg 50
update-alternatives 2024-07-13 15:28:25: run with --install /usr/share/images/desktop-base/desktop-background desktop-background /usr/share/desktop-base/softwaves-theme/wallpaper/contents/images/2560x1600.svg 50
update-alternatives 2024-07-13 15:28:25: run with --install /usr/share/images/desktop-base/desktop-background desktop-background /usr/share/desktop-base/lines-theme/wallpaper/contents/images/1280x1024.svg 50
update-alternatives 2024-07-13 15:28:25: run with --install /usr/share/images/desktop-base/desktop-background desktop-background /usr/share/desktop-base/lines-theme/wallpaper/contents/images/1600x1200.svg 50
update-alternatives 2024-07-13 15:28:25: run with --install /usr/share/images/desktop-base/desktop-background desktop-background /usr/share/desktop-base/lines-theme/wallpaper/contents/images/1920x1080.svg 50
update-alternatives 2024-07-13 15:28:25: run with --install /usr/share/images/desktop-base/desktop-background desktop-background /usr/share/desktop-base/lines-theme/wallpaper/contents/images/1920x1200.svg 50
update-alternatives 2024-07-13 15:28:25: run with --install /usr/share/images/desktop-base/desktop-background desktop-background /usr/share/desktop-base/lines-theme/wallpaper/contents/images/2560x1080.svg 50
update-alternatives 2024-07-13 15:28:25: run with --install /usr/share/images/desktop-base/desktop-background desktop-background /usr/share/desktop-base/joy-theme/wallpaper/contents/images/1280x720.svg 50
update-alternatives 2024-07-13 15:28:25: run with --install /usr/share/images/desktop-base/desktop-background desktop-background /usr/share/desktop-base/joy-theme/wallpaper/contents/images/1280x1024.svg 50
update-alternatives 2024-07-13 15:28:25: run with --install /usr/share/images/desktop-base/desktop-background desktop-background /usr/share/desktop-base/joy-theme/wallpaper/contents/images/1600x1200.svg 50
update-alternatives 2024-07-13 15:28:25: run with --install /usr/share/images/desktop-base/desktop-background desktop-background /usr/share/desktop-base/joy-theme/wallpaper/contents/images/1920x1080.svg 50
update-alternatives 2024-07-13 15:28:25: run with --install /usr/share/images/desktop-base/desktop-background desktop-background /usr/share/desktop-base/joy-theme/wallpaper/contents/images/1920x1200.svg 50
update-alternatives 2024-07-13 15:28:25: run with --install /usr/share/images/desktop-base/desktop-background desktop-background /usr/share/desktop-base/joy-inksplat-theme/wallpaper/contents/images/1280x720.svg 50
update-alternatives 2024-07-13 15:28:25: run with --install /usr/share/images/desktop-base/desktop-background desktop-background /usr/share/desktop-base/joy-inksplat-theme/wallpaper/contents/images/1280x1024.svg 50
update-alternatives 2024-07-13 15:28:25: run with --install /usr/share/images/desktop-base/desktop-background desktop-background /usr/share/desktop-base/joy-inksplat-theme/wallpaper/contents/images/1600x1200.svg 50
update-alternatives 2024-07-13 15:28:25: run with --install /usr/share/images/desktop-base/desktop-background desktop-background /usr/share/desktop-base/joy-inksplat-theme/wallpaper/contents/images/1920x1080.svg 50
update-alternatives 2024-07-13 15:28:25: run with --install /usr/share/images/desktop-base/desktop-background desktop-background /usr/share/desktop-base/joy-inksplat-theme/wallpaper/contents/images/1920x1200.svg 50
update-alternatives 2024-07-13 15:28:25: run with --install /usr/share/images/desktop-base/desktop-background desktop-background /usr/share/desktop-base/spacefun-theme/wallpaper/contents/images/1280x720.svg 50
update-alternatives 2024-07-13 15:28:25: run with --install /usr/share/images/desktop-base/desktop-background desktop-background /usr/share/desktop-base/spacefun-theme/wallpaper/contents/images/1280x1024.svg 50
update-alternatives 2024-07-13 15:28:25: run with --install /usr/share/images/desktop-base/desktop-background desktop-background /usr/share/desktop-base/spacefun-theme/wallpaper/contents/images/1920x1080.svg 50
update-alternatives 2024-07-13 15:28:25: run with --install /usr/share/images/desktop-base/desktop-background desktop-background /usr/share/desktop-base/spacefun-theme/wallpaper/contents/images/1920x1200.svg 50
update-alternatives 2024-07-13 15:28:25: run with --install /usr/share/images/desktop-base/desktop-background.xml desktop-background.xml /usr/share/desktop-base/active-theme/wallpaper/gnome-background.xml 50
update-alternatives 2024-07-13 15:28:25: link group desktop-background.xml updated to point to /usr/share/desktop-base/active-theme/wallpaper/gnome-background.xml
update-alternatives 2024-07-13 15:28:25: run with --install /usr/share/images/desktop-base/desktop-background.xml desktop-background.xml /usr/share/desktop-base/emerald-theme/wallpaper/gnome-background.xml 40
update-alternatives 2024-07-13 15:28:25: run with --install /usr/share/images/desktop-base/desktop-background.xml desktop-background.xml /usr/share/desktop-base/homeworld-theme/wallpaper/gnome-background.xml 30
update-alternatives 2024-07-13 15:28:25: run with --install /usr/share/images/desktop-base/desktop-background.xml desktop-background.xml /usr/share/desktop-base/futureprototype-theme/wallpaper/gnome-background.xml 30
update-alternatives 2024-07-13 15:28:25: run with --install /usr/share/images/desktop-base/desktop-background.xml desktop-background.xml /usr/share/desktop-base/moonlight-theme/wallpaper/gnome-background.xml 30
update-alternatives 2024-07-13 15:28:25: run with --install /usr/share/images/desktop-base/desktop-background.xml desktop-background.xml /usr/share/desktop-base/softwaves-theme/wallpaper/gnome-background.xml 30
update-alternatives 2024-07-13 15:28:25: run with --install /usr/share/images/desktop-base/desktop-background.xml desktop-background.xml /usr/share/desktop-base/lines-theme/wallpaper/gnome-background.xml 30
update-alternatives 2024-07-13 15:28:25: run with --install /usr/share/images/desktop-base/desktop-background.xml desktop-background.xml /usr/share/desktop-base/joy-theme/wallpaper/gnome-background.xml 30
update-alternatives 2024-07-13 15:28:25: run with --install /usr/share/images/desktop-base/desktop-background.xml desktop-background.xml /usr/share/desktop-base/joy-inksplat-theme/wallpaper/gnome-background.xml 30
update-alternatives 2024-07-13 15:28:25: run with --install /usr/share/images/desktop-base/desktop-background.xml desktop-background.xml /usr/share/desktop-base/spacefun-theme/wallpaper/gnome-background.xml 30
update-alternatives 2024-07-13 15:28:25: run with --install /usr/share/images/desktop-base/desktop-lockscreen.xml desktop-lockscreen.xml /usr/share/desktop-base/active-theme/lockscreen/gnome-background.xml 50
update-alternatives 2024-07-13 15:28:25: link group desktop-lockscreen.xml updated to point to /usr/share/desktop-base/active-theme/lockscreen/gnome-background.xml
update-alternatives 2024-07-13 15:28:25: run with --install /usr/share/images/desktop-base/desktop-lockscreen.xml desktop-lockscreen.xml /usr/share/desktop-base/emerald-theme/lockscreen/gnome-background.xml 40
update-alternatives 2024-07-13 15:28:25: run with --install /usr/share/images/desktop-base/desktop-lockscreen.xml desktop-lockscreen.xml /usr/share/desktop-base/homeworld-theme/lockscreen/gnome-background.xml 30
update-alternatives 2024-07-13 15:28:25: run with --install /usr/share/images/desktop-base/desktop-lockscreen.xml desktop-lockscreen.xml /usr/share/desktop-base/futureprototype-theme/lockscreen/gnome-background.xml 30
update-alternatives 2024-07-13 15:28:25: run with --install /usr/share/images/desktop-base/desktop-lockscreen.xml desktop-lockscreen.xml /usr/share/desktop-base/moonlight-theme/lockscreen/gnome-background.xml 30
update-alternatives 2024-07-13 15:28:25: run with --install /usr/share/images/desktop-base/desktop-lockscreen.xml desktop-lockscreen.xml /usr/share/desktop-base/softwaves-theme/lockscreen/gnome-background.xml 30
update-alternatives 2024-07-13 15:28:25: run with --install /usr/share/images/desktop-base/desktop-lockscreen.xml desktop-lockscreen.xml /usr/share/desktop-base/lines-theme/lockscreen/gnome-background.xml 30
update-alternatives 2024-07-13 15:28:25: run with --install /usr/share/images/desktop-base/desktop-lockscreen.xml desktop-lockscreen.xml /usr/share/desktop-base/joy-theme/lockscreen/gnome-background.xml 30
update-alternatives 2024-07-13 15:28:25: run with --install /usr/share/images/desktop-base/desktop-lockscreen.xml desktop-lockscreen.xml /usr/share/desktop-base/spacefun-theme/lockscreen/gnome-background.xml 30
update-alternatives 2024-07-13 15:28:25: run with --install /usr/share/wallpapers/DebianTheme desktop-plasma5-wallpaper /usr/share/desktop-base/active-theme/wallpaper 50
update-alternatives 2024-07-13 15:28:25: link group desktop-plasma5-wallpaper updated to point to /usr/share/desktop-base/active-theme/wallpaper
update-alternatives 2024-07-13 15:28:25: run with --install /usr/share/wallpapers/DebianTheme desktop-plasma5-wallpaper /usr/share/desktop-base/emerald-theme/wallpaper 40
update-alternatives 2024-07-13 15:28:25: run with --install /usr/share/wallpapers/DebianTheme desktop-plasma5-wallpaper /usr/share/desktop-base/homeworld-theme/wallpaper 30
update-alternatives 2024-07-13 15:28:25: run with --install /usr/share/wallpapers/DebianTheme desktop-plasma5-wallpaper /usr/share/desktop-base/futureprototype-theme/wallpaper 30
update-alternatives 2024-07-13 15:28:25: run with --install /usr/share/wallpapers/DebianTheme desktop-plasma5-wallpaper /usr/share/desktop-base/moonlight-theme/wallpaper 30
update-alternatives 2024-07-13 15:28:25: run with --install /usr/share/wallpapers/DebianTheme desktop-plasma5-wallpaper /usr/share/desktop-base/softwaves-theme/wallpaper 30
update-alternatives 2024-07-13 15:28:25: run with --install /usr/share/wallpapers/DebianTheme desktop-plasma5-wallpaper /usr/share/desktop-base/lines-theme/wallpaper 30
update-alternatives 2024-07-13 15:28:25: run with --install /usr/share/wallpapers/DebianTheme desktop-plasma5-wallpaper /usr/share/desktop-base/joy-theme/wallpaper 30
update-alternatives 2024-07-13 15:28:25: run with --install /usr/share/wallpapers/DebianTheme desktop-plasma5-wallpaper /usr/share/desktop-base/joy-inksplat-theme/wallpaper 30
update-alternatives 2024-07-13 15:28:25: run with --install /usr/share/wallpapers/DebianTheme desktop-plasma5-wallpaper /usr/share/desktop-base/spacefun-theme/wallpaper 30
update-alternatives 2024-07-13 15:28:25: run with --install /usr/share/images/desktop-base/login-background.svg desktop-login-background /usr/share/desktop-base/active-theme/login/background.svg 50
update-alternatives 2024-07-13 15:28:25: link group desktop-login-background updated to point to /usr/share/desktop-base/active-theme/login/background.svg
update-alternatives 2024-07-13 15:28:25: run with --install /usr/share/images/desktop-base/login-background.svg desktop-login-background /usr/share/desktop-base/emerald-theme/login/background.svg 40
update-alternatives 2024-07-13 15:28:25: run with --install /usr/share/images/desktop-base/login-background.svg desktop-login-background /usr/share/desktop-base/homeworld-theme/login/background.svg 30
update-alternatives 2024-07-13 15:28:25: run with --install /usr/share/images/desktop-base/login-background.svg desktop-login-background /usr/share/desktop-base/futureprototype-theme/login/background.svg 30
update-alternatives 2024-07-13 15:28:25: run with --install /usr/share/images/desktop-base/login-background.svg desktop-login-background /usr/share/desktop-base/moonlight-theme/login/background.svg 30
update-alternatives 2024-07-13 15:28:25: run with --install /usr/share/images/desktop-base/login-background.svg desktop-login-background /usr/share/desktop-base/softwaves-theme/login/background.svg 30
update-alternatives 2024-07-13 15:28:25: run with --install /usr/share/images/desktop-base/login-background.svg desktop-login-background /usr/share/desktop-base/lines-theme/login/background.svg 30
update-alternatives 2024-07-13 15:28:25: run with --install /usr/share/images/desktop-base/login-background.svg desktop-login-background /usr/share/desktop-base/lines-theme/login/background-nologo.svg 30
update-alternatives 2024-07-13 15:28:25: run with --install /usr/share/images/desktop-base/login-background.svg desktop-login-background /usr/share/desktop-base/joy-theme/login/background.svg 30
update-alternatives 2024-07-13 15:28:25: run with --install /usr/share/images/desktop-base/login-background.svg desktop-login-background /usr/share/desktop-base/spacefun-theme/login/background.svg 30
update-alternatives 2024-07-13 15:28:25: run with --install /usr/share/images/desktop-base/desktop-grub.png desktop-grub /usr/share/desktop-base/active-theme/grub/grub-4x3.png 50 --slave /usr/share/desktop-base/grub_background.sh desktop-grub.sh /usr/share/desktop-base/active-theme/grub/grub_background.sh
update-alternatives 2024-07-13 15:28:25: link group desktop-grub updated to point to /usr/share/desktop-base/active-theme/grub/grub-4x3.png
update-alternatives 2024-07-13 15:28:25: run with --install /usr/share/images/desktop-base/desktop-grub.png desktop-grub /usr/share/desktop-base/active-theme/grub/grub-16x9.png 45 --slave /usr/share/desktop-base/grub_background.sh desktop-grub.sh /usr/share/desktop-base/active-theme/grub/grub_background.sh
update-alternatives 2024-07-13 15:28:25: run with --install /usr/share/images/desktop-base/desktop-grub.png desktop-grub /usr/share/desktop-base/emerald-theme/grub/grub-4x3.png 40 --slave /usr/share/desktop-base/grub_background.sh desktop-grub.sh /usr/share/desktop-base/emerald-theme/grub/grub_background.sh
update-alternatives 2024-07-13 15:28:25: run with --install /usr/share/images/desktop-base/desktop-grub.png desktop-grub /usr/share/desktop-base/emerald-theme/grub/grub-16x9.png 40 --slave /usr/share/desktop-base/grub_background.sh desktop-grub.sh /usr/share/desktop-base/emerald-theme/grub/grub_background.sh
update-alternatives 2024-07-13 15:28:25: run with --install /usr/share/images/desktop-base/desktop-grub.png desktop-grub /usr/share/desktop-base/homeworld-theme/grub/grub-4x3.png 30 --slave /usr/share/desktop-base/grub_background.sh desktop-grub.sh /usr/share/desktop-base/homeworld-theme/grub/grub_background.sh
update-alternatives 2024-07-13 15:28:25: run with --install /usr/share/images/desktop-base/desktop-grub.png desktop-grub /usr/share/desktop-base/homeworld-theme/grub/grub-16x9.png 30 --slave /usr/share/desktop-base/grub_background.sh desktop-grub.sh /usr/share/desktop-base/homeworld-theme/grub/grub_background.sh
update-alternatives 2024-07-13 15:28:25: run with --install /usr/share/images/desktop-base/desktop-grub.png desktop-grub /usr/share/desktop-base/futureprototype-theme/grub/grub-4x3.png 30 --slave /usr/share/desktop-base/grub_background.sh desktop-grub.sh /usr/share/desktop-base/futureprototype-theme/grub/grub_background.sh
update-alternatives 2024-07-13 15:28:25: run with --install /usr/share/images/desktop-base/desktop-grub.png desktop-grub /usr/share/desktop-base/futureprototype-theme/grub/grub-16x9.png 30 --slave /usr/share/desktop-base/grub_background.sh desktop-grub.sh /usr/share/desktop-base/futureprototype-theme/grub/grub_background.sh
update-alternatives 2024-07-13 15:28:25: run with --install /usr/share/images/desktop-base/desktop-grub.png desktop-grub /usr/share/desktop-base/moonlight-theme/grub/grub-4x3.png 30 --slave /usr/share/desktop-base/grub_background.sh desktop-grub.sh /usr/share/desktop-base/moonlight-theme/grub/grub_background.sh
update-alternatives 2024-07-13 15:28:25: run with --install /usr/share/images/desktop-base/desktop-grub.png desktop-grub /usr/share/desktop-base/moonlight-theme/grub/grub-16x9.png 30 --slave /usr/share/desktop-base/grub_background.sh desktop-grub.sh /usr/share/desktop-base/moonlight-theme/grub/grub_background.sh
update-alternatives 2024-07-13 15:28:25: run with --install /usr/share/images/desktop-base/desktop-grub.png desktop-grub /usr/share/desktop-base/softwaves-theme/grub/grub-4x3.png 30 --slave /usr/share/desktop-base/grub_background.sh desktop-grub.sh /usr/share/desktop-base/softwaves-theme/grub/grub_background.sh
update-alternatives 2024-07-13 15:28:25: run with --install /usr/share/images/desktop-base/desktop-grub.png desktop-grub /usr/share/desktop-base/softwaves-theme/grub/grub-16x9.png 30 --slave /usr/share/desktop-base/grub_background.sh desktop-grub.sh /usr/share/desktop-base/softwaves-theme/grub/grub_background.sh
update-alternatives 2024-07-13 15:28:25: run with --install /usr/share/images/desktop-base/desktop-grub.png desktop-grub /usr/share/desktop-base/lines-theme/grub/grub-4x3.png 30 --slave /usr/share/desktop-base/grub_background.sh desktop-grub.sh /usr/share/desktop-base/lines-theme/grub/grub_background.sh
update-alternatives 2024-07-13 15:28:25: run with --install /usr/share/images/desktop-base/desktop-grub.png desktop-grub /usr/share/desktop-base/lines-theme/grub/grub-16x9.png 30 --slave /usr/share/desktop-base/grub_background.sh desktop-grub.sh /usr/share/desktop-base/lines-theme/grub/grub_background.sh
update-alternatives 2024-07-13 15:28:25: run with --install /usr/share/images/desktop-base/desktop-grub.png desktop-grub /usr/share/desktop-base/joy-theme/grub/grub-4x3.png 30 --slave /usr/share/desktop-base/grub_background.sh desktop-grub.sh /usr/share/desktop-base/joy-theme/grub/grub_background.sh
update-alternatives 2024-07-13 15:28:25: run with --install /usr/share/images/desktop-base/desktop-grub.png desktop-grub /usr/share/desktop-base/joy-theme/grub/grub-16x9.png 30 --slave /usr/share/desktop-base/grub_background.sh desktop-grub.sh /usr/share/desktop-base/joy-theme/grub/grub_background.sh
update-alternatives 2024-07-13 15:28:25: run with --install /usr/share/images/desktop-base/desktop-grub.png desktop-grub /usr/share/desktop-base/spacefun-theme/grub/grub-4x3.png 30 --slave /usr/share/desktop-base/grub_background.sh desktop-grub.sh /usr/share/desktop-base/spacefun-theme/grub/grub_background.sh
update-alternatives 2024-07-13 15:28:25: run with --install /usr/share/images/desktop-base/desktop-grub.png desktop-grub /usr/share/desktop-base/spacefun-theme/grub/grub-16x9.png 30 --slave /usr/share/desktop-base/grub_background.sh desktop-grub.sh /usr/share/desktop-base/spacefun-theme/grub/grub_background.sh
update-alternatives 2024-07-13 15:28:40: run with --install /usr/bin/x-www-browser x-www-browser /usr/bin/firefox-esr 70 --slave /usr/share/man/man1/x-www-browser.1.gz x-www-browser.1.gz /usr/share/man/man1/firefox-esr.1.gz
update-alternatives 2024-07-13 15:28:40: link group x-www-browser updated to point to /usr/bin/firefox-esr
update-alternatives 2024-07-13 15:28:40: run with --install /usr/bin/gnome-www-browser gnome-www-browser /usr/bin/firefox-esr 70 --slave /usr/share/man/man1/gnome-www-browser.1.gz gnome-www-browser.1.gz /usr/share/man/man1/firefox-esr.1.gz
update-alternatives 2024-07-13 15:28:40: link group gnome-www-browser updated to point to /usr/bin/firefox-esr
update-alternatives 2024-07-13 15:28:41: run with --install /usr/bin/x-terminal-emulator x-terminal-emulator /usr/bin/gnome-terminal.wrapper 40 --slave /usr/share/man/man1/x-terminal-emulator.1.gz x-terminal-emulator.1.gz /usr/share/man/man1/gnome-terminal.1.gz
update-alternatives 2024-07-13 15:28:41: link group x-terminal-emulator updated to point to /usr/bin/gnome-terminal.wrapper
update-alternatives 2024-07-13 15:28:44: run with --quiet --install /usr/bin/pinentry pinentry /usr/bin/pinentry-gnome3 90 --slave /usr/share/man/man1/pinentry.1.gz pinentry.1.gz /usr/share/man/man1/pinentry-gnome3.1.gz
update-alternatives 2024-07-13 15:28:44: link group pinentry updated to point to /usr/bin/pinentry-gnome3
update-alternatives 2024-07-13 15:28:44: run with --quiet --install /usr/bin/pinentry-x11 pinentry-x11 /usr/bin/pinentry-gnome3 90 --slave /usr/share/man/man1/pinentry-x11.1.gz pinentry-x11.1.gz /usr/share/man/man1/pinentry-gnome3.1.gz
update-alternatives 2024-07-13 15:28:44: link group pinentry-x11 updated to point to /usr/bin/pinentry-gnome3
update-alternatives 2024-07-13 15:28:55: run with --install /usr/bin/x-session-manager x-session-manager /usr/bin/gnome-session 50 --slave /usr/share/man/man1/x-session-manager.1.gz x-session-manager.1.gz /usr/share/man/man1/gnome-session.1.gz
update-alternatives 2024-07-13 15:28:55: link group x-session-manager updated to point to /usr/bin/gnome-session
update-alternatives 2024-07-13 15:29:42: run with --install /etc/pam.d/gdm-smartcard gdm-smartcard /etc/pam.d/gdm-smartcard-sssd-exclusive 50
update-alternatives 2024-07-13 15:29:42: link group gdm-smartcard updated to point to /etc/pam.d/gdm-smartcard-sssd-exclusive
update-alternatives 2024-07-13 15:29:42: run with --install /etc/pam.d/gdm-smartcard gdm-smartcard /etc/pam.d/gdm-smartcard-sssd-or-password 40
update-alternatives 2024-07-13 15:29:42: run with --install /etc/pam.d/gdm-smartcard gdm-smartcard /etc/pam.d/gdm-smartcard-pkcs11-exclusive 30
update-alternatives 2024-07-13 15:29:44: run with --install /usr/bin/gstreamer-codec-install gstreamer-codec-install /usr/libexec/pk-gstreamer-install 80
update-alternatives 2024-07-13 15:29:44: link group gstreamer-codec-install updated to point to /usr/libexec/pk-gstreamer-install
update-alternatives 2024-07-13 15:31:07: run with --install /usr/bin/fakeroot fakeroot /usr/bin/fakeroot-sysv 50 --slave /usr/share/man/man1/fakeroot.1.gz fakeroot.1.gz /usr/share/man/man1/fakeroot-sysv.1.gz --slave /usr/share/man/man1/faked.1.gz faked.1.gz /usr/share/man/man1/faked-sysv.1.gz --slave /usr/share/man/es/man1/fakeroot.1.gz fakeroot.es.1.gz /usr/share/man/es/man1/fakeroot-sysv.1.gz --slave /usr/share/man/es/man1/faked.1.gz faked.es.1.gz /usr/share/man/es/man1/faked-sysv.1.gz --slave /usr/share/man/fr/man1/fakeroot.1.gz fakeroot.fr.1.gz /usr/share/man/fr/man1/fakeroot-sysv.1.gz --slave /usr/share/man/fr/man1/faked.1.gz faked.fr.1.gz /usr/share/man/fr/man1/faked-sysv.1.gz --slave /usr/share/man/sv/man1/fakeroot.1.gz fakeroot.sv.1.gz /usr/share/man/sv/man1/fakeroot-sysv.1.gz --slave /usr/share/man/sv/man1/faked.1.gz faked.sv.1.gz /usr/share/man/sv/man1/faked-sysv.1.gz
update-alternatives 2024-07-13 15:31:07: link group fakeroot updated to point to /usr/bin/fakeroot-sysv
update-alternatives 2024-07-13 15:31:07: run with --install /usr/bin/fakeroot fakeroot /usr/bin/fakeroot-tcp 30 --slave /usr/share/man/man1/fakeroot.1.gz fakeroot.1.gz /usr/share/man/man1/fakeroot-tcp.1.gz --slave /usr/share/man/man1/faked.1.gz faked.1.gz /usr/share/man/man1/faked-tcp.1.gz --slave /usr/share/man/es/man1/fakeroot.1.gz fakeroot.es.1.gz /usr/share/man/es/man1/fakeroot-tcp.1.gz --slave /usr/share/man/es/man1/faked.1.gz faked.es.1.gz /usr/share/man/es/man1/faked-tcp.1.gz --slave /usr/share/man/fr/man1/fakeroot.1.gz fakeroot.fr.1.gz /usr/share/man/fr/man1/fakeroot-tcp.1.gz --slave /usr/share/man/fr/man1/faked.1.gz faked.fr.1.gz /usr/share/man/fr/man1/faked-tcp.1.gz --slave /usr/share/man/sv/man1/fakeroot.1.gz fakeroot.sv.1.gz /usr/share/man/sv/man1/fakeroot-tcp.1.gz --slave /usr/share/man/sv/man1/faked.1.gz faked.sv.1.gz /usr/share/man/sv/man1/faked-tcp.1.gz
update-alternatives 2024-07-13 15:31:08: run with --quiet --install /usr/bin/cc cc /usr/bin/gcc 20
update-alternatives 2024-07-13 15:31:08: link group cc updated to point to /usr/bin/gcc
update-alternatives 2024-07-13 15:31:08: run with --quiet --install /usr/bin/c89 c89 /usr/bin/c89-gcc 20 --slave /usr/share/man/man1/c89.1.gz c89.1.gz /usr/share/man/man1/c89-gcc.1.gz
update-alternatives 2024-07-13 15:31:08: link group c89 updated to point to /usr/bin/c89-gcc
update-alternatives 2024-07-13 15:31:08: run with --quiet --install /usr/bin/c99 c99 /usr/bin/c99-gcc 20 --slave /usr/share/man/man1/c99.1.gz c99.1.gz /usr/share/man/man1/c99-gcc.1.gz
update-alternatives 2024-07-13 15:31:08: link group c99 updated to point to /usr/bin/c99-gcc
update-alternatives 2024-07-13 15:31:08: run with --install /usr/bin/c++ c++ /usr/bin/g++ 20
update-alternatives 2024-07-13 15:31:08: link group c++ updated to point to /usr/bin/g++
update-alternatives 2024-07-13 17:40:36: run with --install /usr/bin/editor editor /usr/bin/vim.basic 30 --slave /usr/share/man/man1/editor.1.gz editor.1.gz /usr/share/man/man1/vim.1.gz --slave /usr/share/man/da/man1/editor.1.gz editor.da.1.gz /usr/share/man/da/man1/vim.1.gz --slave /usr/share/man/de/man1/editor.1.gz editor.de.1.gz /usr/share/man/de/man1/vim.1.gz --slave /usr/share/man/fr/man1/editor.1.gz editor.fr.1.gz /usr/share/man/fr/man1/vim.1.gz --slave /usr/share/man/it/man1/editor.1.gz editor.it.1.gz /usr/share/man/it/man1/vim.1.gz --slave /usr/share/man/ja/man1/editor.1.gz editor.ja.1.gz /usr/share/man/ja/man1/vim.1.gz --slave /usr/share/man/pl/man1/editor.1.gz editor.pl.1.gz /usr/share/man/pl/man1/vim.1.gz --slave /usr/share/man/ru/man1/editor.1.gz editor.ru.1.gz /usr/share/man/ru/man1/vim.1.gz --slave /usr/share/man/tr/man1/editor.1.gz editor.tr.1.gz /usr/share/man/tr/man1/vim.1.gz
update-alternatives 2024-07-13 17:40:36: run with --install /usr/bin/ex ex /usr/bin/vim.basic 30 --slave /usr/share/man/man1/ex.1.gz ex.1.gz /usr/share/man/man1/vim.1.gz --slave /usr/share/man/da/man1/ex.1.gz ex.da.1.gz /usr/share/man/da/man1/vim.1.gz --slave /usr/share/man/de/man1/ex.1.gz ex.de.1.gz /usr/share/man/de/man1/vim.1.gz --slave /usr/share/man/fr/man1/ex.1.gz ex.fr.1.gz /usr/share/man/fr/man1/vim.1.gz --slave /usr/share/man/it/man1/ex.1.gz ex.it.1.gz /usr/share/man/it/man1/vim.1.gz --slave /usr/share/man/ja/man1/ex.1.gz ex.ja.1.gz /usr/share/man/ja/man1/vim.1.gz --slave /usr/share/man/pl/man1/ex.1.gz ex.pl.1.gz /usr/share/man/pl/man1/vim.1.gz --slave /usr/share/man/ru/man1/ex.1.gz ex.ru.1.gz /usr/share/man/ru/man1/vim.1.gz --slave /usr/share/man/tr/man1/ex.1.gz ex.tr.1.gz /usr/share/man/tr/man1/vim.1.gz
update-alternatives 2024-07-13 17:40:36: link group ex updated to point to /usr/bin/vim.basic
update-alternatives 2024-07-13 17:40:36: run with --install /usr/bin/rview rview /usr/bin/vim.basic 30
update-alternatives 2024-07-13 17:40:36: link group rview updated to point to /usr/bin/vim.basic
update-alternatives 2024-07-13 17:40:36: run with --install /usr/bin/rvim rvim /usr/bin/vim.basic 30
update-alternatives 2024-07-13 17:40:36: link group rvim updated to point to /usr/bin/vim.basic
update-alternatives 2024-07-13 17:40:36: run with --install /usr/bin/vi vi /usr/bin/vim.basic 30 --slave /usr/share/man/man1/vi.1.gz vi.1.gz /usr/share/man/man1/vim.1.gz --slave /usr/share/man/da/man1/vi.1.gz vi.da.1.gz /usr/share/man/da/man1/vim.1.gz --slave /usr/share/man/de/man1/vi.1.gz vi.de.1.gz /usr/share/man/de/man1/vim.1.gz --slave /usr/share/man/fr/man1/vi.1.gz vi.fr.1.gz /usr/share/man/fr/man1/vim.1.gz --slave /usr/share/man/it/man1/vi.1.gz vi.it.1.gz /usr/share/man/it/man1/vim.1.gz --slave /usr/share/man/ja/man1/vi.1.gz vi.ja.1.gz /usr/share/man/ja/man1/vim.1.gz --slave /usr/share/man/pl/man1/vi.1.gz vi.pl.1.gz /usr/share/man/pl/man1/vim.1.gz --slave /usr/share/man/ru/man1/vi.1.gz vi.ru.1.gz /usr/share/man/ru/man1/vim.1.gz --slave /usr/share/man/tr/man1/vi.1.gz vi.tr.1.gz /usr/share/man/tr/man1/vim.1.gz
update-alternatives 2024-07-13 17:40:36: link group vi updated to point to /usr/bin/vim.basic
update-alternatives 2024-07-13 17:40:36: run with --install /usr/bin/view view /usr/bin/vim.basic 30 --slave /usr/share/man/man1/view.1.gz view.1.gz /usr/share/man/man1/vim.1.gz --slave /usr/share/man/da/man1/view.1.gz view.da.1.gz /usr/share/man/da/man1/vim.1.gz --slave /usr/share/man/de/man1/view.1.gz view.de.1.gz /usr/share/man/de/man1/vim.1.gz --slave /usr/share/man/fr/man1/view.1.gz view.fr.1.gz /usr/share/man/fr/man1/vim.1.gz --slave /usr/share/man/it/man1/view.1.gz view.it.1.gz /usr/share/man/it/man1/vim.1.gz --slave /usr/share/man/ja/man1/view.1.gz view.ja.1.gz /usr/share/man/ja/man1/vim.1.gz --slave /usr/share/man/pl/man1/view.1.gz view.pl.1.gz /usr/share/man/pl/man1/vim.1.gz --slave /usr/share/man/ru/man1/view.1.gz view.ru.1.gz /usr/share/man/ru/man1/vim.1.gz --slave /usr/share/man/tr/man1/view.1.gz view.tr.1.gz /usr/share/man/tr/man1/vim.1.gz
update-alternatives 2024-07-13 17:40:36: link group view updated to point to /usr/bin/vim.basic
update-alternatives 2024-07-13 17:40:36: run with --install /usr/bin/vim vim /usr/bin/vim.basic 30
update-alternatives 2024-07-13 17:40:36: link group vim updated to point to /usr/bin/vim.basic
update-alternatives 2024-07-13 17:40:36: run with --install /usr/bin/vimdiff vimdiff /usr/bin/vim.basic 30
update-alternatives 2024-07-13 17:40:36: link group vimdiff updated to point to /usr/bin/vim.basic
update-alternatives 2024-07-13 17:57:36: run with --install /usr/bin/editor editor /usr/bin/code 0
update-alternatives 2024-07-27 02:46:27: run with --install /usr/bin/pybabel pybabel /usr/bin/pybabel-python3 200
update-alternatives 2024-07-27 02:46:27: link group pybabel updated to point to /usr/bin/pybabel-python3
